<?xml version="1.0" encoding="UTF-8"?>
<testsuite xmlns:xsi="http://www.w3.org/2001/XMLSchema-instance" xsi:noNamespaceSchemaLocation="https://maven.apache.org/surefire/maven-surefire-plugin/xsd/surefire-test-report-3.0.xsd" version="3.0" name="com.faculdade.integrado.web.WebServerIntegradoTest" time="0.396" tests="9" errors="0" skipped="0" failures="0">
  <properties>
[...]
</properties>
  <testcase name="deveRetornarErroDeValidacaoEmPedido" classname="com.faculdade.integrado.web.WebServerIntegradoTest" time="0.089">
    <system-err><![CDATA[[main] INFO io.javalin.Javalin - Starting Javalin ...
[main] INFO org.eclipse.jetty.server.Server - jetty-11.0.17; built: 2023-10-09T18:39:14.424Z; git: 48e7716b9462bebea6732b885dbebb4300787a5c; jvm 17.0.12+8-LTS-286
[main] INFO org.eclipse.jetty.server.session.DefaultSessionIdManager - Session workerName=node0
[main] INFO org.eclipse.jetty.server.handler.ContextHandler - Started i.j.j.@5b1f0f26{/,null,AVAILABLE}
[main] INFO org.eclipse.jetty.server.AbstractConnector - Started ServerConnector@7c6ab057{HTTP/1.1, (http/1.1)}{0.0.0.0:55931}
[main] INFO org.eclipse.jetty.server.Server - Started Server@1f7557fe{STARTING}[11.0.17,sto=0] @2656ms
[main] INFO io.javalin.Javalin - 
       __                  ___          ______
      / /___ __   ______ _/ (_)___     / ____/
 __  / / __ `/ | / / __ `/ / / __ \   /___ \
/ /_/ / /_/ /| |/ / /_/ / / / / / /  ____/ /
\____/\__,_/ |___/\__,_/_/_/_/ /_/  /_____/

       https://javalin.io/documentation

[main] INFO io.javalin.Javalin - Static file handler added: StaticFileConfig(hostedPath=/, directory=/public, location=CLASSPATH, precompress=false, aliasCheck=null, headers={Cache-Control=max-age=0}, skipFileFunction=Function1<jakarta.servlet.http.HttpServletRequest, java.lang.Boolean>, mimeTypes=io.javalin.http.staticfiles.MimeTypesConfig@6787bd41). File system location: 'file:///C:/Users/Dwith/Desktop/Cadu/tp4-integrado/app-integrado/target/classes/public/'
[main] INFO io.javalin.Javalin - Listening on http://localhost:55931/
[main] INFO io.javalin.Javalin - You are running Javalin 5.6.4 (released February 25, 2024. Your Javalin version is 765 days old. Consider checking for a newer version.).
[main] INFO io.javalin.Javalin - Javalin started in 14ms \o/
[main] INFO io.javalin.Javalin - Stopping Javalin ...
[main] INFO org.eclipse.jetty.server.Server - Stopped Server@1f7557fe{STOPPING}[11.0.17,sto=0]
[main] INFO org.eclipse.jetty.server.AbstractConnector - Stopped ServerConnector@7c6ab057{HTTP/1.1, (http/1.1)}{0.0.0.0:0}
[main] INFO org.eclipse.jetty.server.handler.ContextHandler - Stopped i.j.j.@5b1f0f26{/,null,STOPPED}
[main] INFO io.javalin.Javalin - Javalin has stopped
]]></system-err>
  </testcase>
  <testcase name="deveExecutarFluxoCompletoDeProdutos" classname="com.faculdade.integrado.web.WebServerIntegradoTest" time="0.06">
    <system-err><![CDATA[[main] INFO io.javalin.Javalin - Starting Javalin ...
[main] INFO org.eclipse.jetty.server.Server - jetty-11.0.17; built: 2023-10-09T18:39:14.424Z; git: 48e7716b9462bebea6732b885dbebb4300787a5c; jvm 17.0.12+8-LTS-286
[main] INFO org.eclipse.jetty.server.session.DefaultSessionIdManager - Session workerName=node0
[main] INFO org.eclipse.jetty.server.handler.ContextHandler - Started i.j.j.@640a6d4b{/,null,AVAILABLE}
[main] INFO org.eclipse.jetty.server.AbstractConnector - Started ServerConnector@3879feec{HTTP/1.1, (http/1.1)}{0.0.0.0:55933}
[main] INFO org.eclipse.jetty.server.Server - Started Server@53917c92{STARTING}[11.0.17,sto=0] @2744ms
[main] INFO io.javalin.Javalin - 
       __                  ___          ______
      / /___ __   ______ _/ (_)___     / ____/
 __  / / __ `/ | / / __ `/ / / __ \   /___ \
/ /_/ / /_/ /| |/ / /_/ / / / / / /  ____/ /
\____/\__,_/ |___/\__,_/_/_/_/ /_/  /_____/

       https://javalin.io/documentation

[main] INFO io.javalin.Javalin - Static file handler added: StaticFileConfig(hostedPath=/, directory=/public, location=CLASSPATH, precompress=false, aliasCheck=null, headers={Cache-Control=max-age=0}, skipFileFunction=Function1<jakarta.servlet.http.HttpServletRequest, java.lang.Boolean>, mimeTypes=io.javalin.http.staticfiles.MimeTypesConfig@73baf7f0). File system location: 'file:///C:/Users/Dwith/Desktop/Cadu/tp4-integrado/app-integrado/target/classes/public/'
[main] INFO io.javalin.Javalin - Listening on http://localhost:55933/
[main] INFO io.javalin.Javalin - You are running Javalin 5.6.4 (released February 25, 2024. Your Javalin version is 765 days old. Consider checking for a newer version.).
[main] INFO io.javalin.Javalin - Javalin started in 13ms \o/
[main] INFO io.javalin.Javalin - Stopping Javalin ...
[main] INFO org.eclipse.jetty.server.Server - Stopped Server@53917c92{STOPPING}[11.0.17,sto=0]
[main] INFO org.eclipse.jetty.server.AbstractConnector - Stopped ServerConnector@3879feec{HTTP/1.1, (http/1.1)}{0.0.0.0:0}
[main] INFO org.eclipse.jetty.server.handler.ContextHandler - Stopped i.j.j.@640a6d4b{/,null,STOPPED}
[main] INFO io.javalin.Javalin - Javalin has stopped
]]></system-err>
  </testcase>
  <testcase name="deveRetornarConflitoQuandoProdutoDuplicadoEErrosDeOperacoesInexistentes" classname="com.faculdade.integrado.web.WebServerIntegradoTest" time="0.038">
    <system-err><![CDATA[[main] INFO io.javalin.Javalin - Starting Javalin ...
[main] INFO org.eclipse.jetty.server.Server - jetty-11.0.17; built: 2023-10-09T18:39:14.424Z; git: 48e7716b9462bebea6732b885dbebb4300787a5c; jvm 17.0.12+8-LTS-286
[main] INFO org.eclipse.jetty.server.session.DefaultSessionIdManager - Session workerName=node0
[main] INFO org.eclipse.jetty.server.handler.ContextHandler - Started i.j.j.@74919649{/,null,AVAILABLE}
[main] INFO org.eclipse.jetty.server.AbstractConnector - Started ServerConnector@632b96b8{HTTP/1.1, (http/1.1)}{0.0.0.0:55935}
[main] INFO org.eclipse.jetty.server.Server - Started Server@5b430541{STARTING}[11.0.17,sto=0] @2805ms
[main] INFO io.javalin.Javalin - 
       __                  ___          ______
      / /___ __   ______ _/ (_)___     / ____/
 __  / / __ `/ | / / __ `/ / / __ \   /___ \
/ /_/ / /_/ /| |/ / /_/ / / / / / /  ____/ /
\____/\__,_/ |___/\__,_/_/_/_/ /_/  /_____/

       https://javalin.io/documentation

[main] INFO io.javalin.Javalin - Static file handler added: StaticFileConfig(hostedPath=/, directory=/public, location=CLASSPATH, precompress=false, aliasCheck=null, headers={Cache-Control=max-age=0}, skipFileFunction=Function1<jakarta.servlet.http.HttpServletRequest, java.lang.Boolean>, mimeTypes=io.javalin.http.staticfiles.MimeTypesConfig@770cbe5d). File system location: 'file:///C:/Users/Dwith/Desktop/Cadu/tp4-integrado/app-integrado/target/classes/public/'
[main] INFO io.javalin.Javalin - Listening on http://localhost:55935/
[main] INFO io.javalin.Javalin - You are running Javalin 5.6.4 (released February 25, 2024. Your Javalin version is 765 days old. Consider checking for a newer version.).
[main] INFO io.javalin.Javalin - Javalin started in 15ms \o/
[main] INFO io.javalin.Javalin - Stopping Javalin ...
[main] INFO org.eclipse.jetty.server.Server - Stopped Server@5b430541{STOPPING}[11.0.17,sto=0]
[main] INFO org.eclipse.jetty.server.AbstractConnector - Stopped ServerConnector@632b96b8{HTTP/1.1, (http/1.1)}{0.0.0.0:0}
[main] INFO org.eclipse.jetty.server.handler.ContextHandler - Stopped i.j.j.@74919649{/,null,STOPPED}
[main] INFO io.javalin.Javalin - Javalin has stopped
]]></system-err>
  </testcase>
  <testcase name="deveCobrirEstatisticasComSemEstoqueEAtualizacaoInvalida" classname="com.faculdade.integrado.web.WebServerIntegradoTest" time="0.034">
    <system-err><![CDATA[[main] INFO io.javalin.Javalin - Starting Javalin ...
[main] INFO org.eclipse.jetty.server.Server - jetty-11.0.17; built: 2023-10-09T18:39:14.424Z; git: 48e7716b9462bebea6732b885dbebb4300787a5c; jvm 17.0.12+8-LTS-286
[main] INFO org.eclipse.jetty.server.session.DefaultSessionIdManager - Session workerName=node0
[main] INFO org.eclipse.jetty.server.handler.ContextHandler - Started i.j.j.@18d1d137{/,null,AVAILABLE}
[main] INFO org.eclipse.jetty.server.AbstractConnector - Started ServerConnector@5274830e{HTTP/1.1, (http/1.1)}{0.0.0.0:55937}
[main] INFO org.eclipse.jetty.server.Server - Started Server@71de1091{STARTING}[11.0.17,sto=0] @2844ms
[main] INFO io.javalin.Javalin - 
       __                  ___          ______
      / /___ __   ______ _/ (_)___     / ____/
 __  / / __ `/ | / / __ `/ / / __ \   /___ \
/ /_/ / /_/ /| |/ / /_/ / / / / / /  ____/ /
\____/\__,_/ |___/\__,_/_/_/_/ /_/  /_____/

       https://javalin.io/documentation

[main] INFO io.javalin.Javalin - Static file handler added: StaticFileConfig(hostedPath=/, directory=/public, location=CLASSPATH, precompress=false, aliasCheck=null, headers={Cache-Control=max-age=0}, skipFileFunction=Function1<jakarta.servlet.http.HttpServletRequest, java.lang.Boolean>, mimeTypes=io.javalin.http.staticfiles.MimeTypesConfig@ef220e4). File system location: 'file:///C:/Users/Dwith/Desktop/Cadu/tp4-integrado/app-integrado/target/classes/public/'
[main] INFO io.javalin.Javalin - Listening on http://localhost:55937/
[main] INFO io.javalin.Javalin - You are running Javalin 5.6.4 (released February 25, 2024. Your Javalin version is 765 days old. Consider checking for a newer version.).
[main] INFO io.javalin.Javalin - Javalin started in 15ms \o/
[main] INFO io.javalin.Javalin - Stopping Javalin ...
[main] INFO org.eclipse.jetty.server.Server - Stopped Server@71de1091{STOPPING}[11.0.17,sto=0]
[main] INFO org.eclipse.jetty.server.AbstractConnector - Stopped ServerConnector@5274830e{HTTP/1.1, (http/1.1)}{0.0.0.0:0}
[main] INFO org.eclipse.jetty.server.handler.ContextHandler - Stopped i.j.j.@18d1d137{/,null,STOPPED}
[main] INFO io.javalin.Javalin - Javalin has stopped
]]></system-err>
  </testcase>
  <testcase name="deveRetornarErrosNoEndpointIntegrado" classname="com.faculdade.integrado.web.WebServerIntegradoTest" time="0.055">
    <system-err><![CDATA[[main] INFO io.javalin.Javalin - Starting Javalin ...
[main] INFO org.eclipse.jetty.server.Server - jetty-11.0.17; built: 2023-10-09T18:39:14.424Z; git: 48e7716b9462bebea6732b885dbebb4300787a5c; jvm 17.0.12+8-LTS-286
[main] INFO org.eclipse.jetty.server.session.DefaultSessionIdManager - Session workerName=node0
[main] INFO org.eclipse.jetty.server.handler.ContextHandler - Started i.j.j.@194eae3e{/,null,AVAILABLE}
[main] INFO org.eclipse.jetty.server.AbstractConnector - Started ServerConnector@51e1e058{HTTP/1.1, (http/1.1)}{0.0.0.0:55939}
[main] INFO org.eclipse.jetty.server.Server - Started Server@25d23478{STARTING}[11.0.17,sto=0] @2878ms
[main] INFO io.javalin.Javalin - 
       __                  ___          ______
      / /___ __   ______ _/ (_)___     / ____/
 __  / / __ `/ | / / __ `/ / / __ \   /___ \
/ /_/ / /_/ /| |/ / /_/ / / / / / /  ____/ /
\____/\__,_/ |___/\__,_/_/_/_/ /_/  /_____/

       https://javalin.io/documentation

[main] INFO io.javalin.Javalin - Static file handler added: StaticFileConfig(hostedPath=/, directory=/public, location=CLASSPATH, precompress=false, aliasCheck=null, headers={Cache-Control=max-age=0}, skipFileFunction=Function1<jakarta.servlet.http.HttpServletRequest, java.lang.Boolean>, mimeTypes=io.javalin.http.staticfiles.MimeTypesConfig@de40aa1). File system location: 'file:///C:/Users/Dwith/Desktop/Cadu/tp4-integrado/app-integrado/target/classes/public/'
[main] INFO io.javalin.Javalin - Listening on http://localhost:55939/
[main] INFO io.javalin.Javalin - You are running Javalin 5.6.4 (released February 25, 2024. Your Javalin version is 765 days old. Consider checking for a newer version.).
[main] INFO io.javalin.Javalin - Javalin started in 14ms \o/
[main] INFO io.javalin.Javalin - Stopping Javalin ...
[main] INFO org.eclipse.jetty.server.Server - Stopped Server@25d23478{STOPPING}[11.0.17,sto=0]
[main] INFO org.eclipse.jetty.server.AbstractConnector - Stopped ServerConnector@51e1e058{HTTP/1.1, (http/1.1)}{0.0.0.0:0}
[main] INFO org.eclipse.jetty.server.handler.ContextHandler - Stopped i.j.j.@194eae3e{/,null,STOPPED}
[main] INFO io.javalin.Javalin - Javalin has stopped
]]></system-err>
  </testcase>
  <testcase name="deveRetornarErroParaDadosInvalidosDeProduto" classname="com.faculdade.integrado.web.WebServerIntegradoTest" time="0.031">
    <system-err><![CDATA[[main] INFO io.javalin.Javalin - Starting Javalin ...
[main] INFO org.eclipse.jetty.server.Server - jetty-11.0.17; built: 2023-10-09T18:39:14.424Z; git: 48e7716b9462bebea6732b885dbebb4300787a5c; jvm 17.0.12+8-LTS-286
[main] INFO org.eclipse.jetty.server.session.DefaultSessionIdManager - Session workerName=node0
[main] INFO org.eclipse.jetty.server.handler.ContextHandler - Started i.j.j.@60c8909a{/,null,AVAILABLE}
[main] INFO org.eclipse.jetty.server.AbstractConnector - Started ServerConnector@22b10124{HTTP/1.1, (http/1.1)}{0.0.0.0:55941}
[main] INFO org.eclipse.jetty.server.Server - Started Server@4088702d{STARTING}[11.0.17,sto=0] @2934ms
[main] INFO io.javalin.Javalin - 
       __                  ___          ______
      / /___ __   ______ _/ (_)___     / ____/
 __  / / __ `/ | / / __ `/ / / __ \   /___ \
/ /_/ / /_/ /| |/ / /_/ / / / / / /  ____/ /
\____/\__,_/ |___/\__,_/_/_/_/ /_/  /_____/

       https://javalin.io/documentation

[main] INFO io.javalin.Javalin - Static file handler added: StaticFileConfig(hostedPath=/, directory=/public, location=CLASSPATH, precompress=false, aliasCheck=null, headers={Cache-Control=max-age=0}, skipFileFunction=Function1<jakarta.servlet.http.HttpServletRequest, java.lang.Boolean>, mimeTypes=io.javalin.http.staticfiles.MimeTypesConfig@339cde4b). File system location: 'file:///C:/Users/Dwith/Desktop/Cadu/tp4-integrado/app-integrado/target/classes/public/'
[main] INFO io.javalin.Javalin - Listening on http://localhost:55941/
[main] INFO io.javalin.Javalin - You are running Javalin 5.6.4 (released February 25, 2024. Your Javalin version is 765 days old. Consider checking for a newer version.).
[main] INFO io.javalin.Javalin - Javalin started in 15ms \o/
[main] INFO io.javalin.Javalin - Stopping Javalin ...
[main] INFO org.eclipse.jetty.server.Server - Stopped Server@4088702d{STOPPING}[11.0.17,sto=0]
[main] INFO org.eclipse.jetty.server.AbstractConnector - Stopped ServerConnector@22b10124{HTTP/1.1, (http/1.1)}{0.0.0.0:0}
[main] INFO org.eclipse.jetty.server.handler.ContextHandler - Stopped i.j.j.@60c8909a{/,null,STOPPED}
[main] INFO io.javalin.Javalin - Javalin has stopped
]]></system-err>
  </testcase>
  <testcase name="deveCriarPedidoIntegradoComBaixaDeEstoque" classname="com.faculdade.integrado.web.WebServerIntegradoTest" time="0.028">
    <system-err><![CDATA[[main] INFO io.javalin.Javalin - Starting Javalin ...
[main] INFO org.eclipse.jetty.server.Server - jetty-11.0.17; built: 2023-10-09T18:39:14.424Z; git: 48e7716b9462bebea6732b885dbebb4300787a5c; jvm 17.0.12+8-LTS-286
[main] INFO org.eclipse.jetty.server.session.DefaultSessionIdManager - Session workerName=node0
[main] INFO org.eclipse.jetty.server.handler.ContextHandler - Started i.j.j.@45017263{/,null,AVAILABLE}
[main] INFO org.eclipse.jetty.server.AbstractConnector - Started ServerConnector@b5d7233{HTTP/1.1, (http/1.1)}{0.0.0.0:55943}
[main] INFO org.eclipse.jetty.server.Server - Started Server@169d1f92{STARTING}[11.0.17,sto=0] @2966ms
[main] INFO io.javalin.Javalin - 
       __                  ___          ______
      / /___ __   ______ _/ (_)___     / ____/
 __  / / __ `/ | / / __ `/ / / __ \   /___ \
/ /_/ / /_/ /| |/ / /_/ / / / / / /  ____/ /
\____/\__,_/ |___/\__,_/_/_/_/ /_/  /_____/

       https://javalin.io/documentation

[main] INFO io.javalin.Javalin - Static file handler added: StaticFileConfig(hostedPath=/, directory=/public, location=CLASSPATH, precompress=false, aliasCheck=null, headers={Cache-Control=max-age=0}, skipFileFunction=Function1<jakarta.servlet.http.HttpServletRequest, java.lang.Boolean>, mimeTypes=io.javalin.http.staticfiles.MimeTypesConfig@673605ef). File system location: 'file:///C:/Users/Dwith/Desktop/Cadu/tp4-integrado/app-integrado/target/classes/public/'
[main] INFO io.javalin.Javalin - Listening on http://localhost:55943/
[main] INFO io.javalin.Javalin - You are running Javalin 5.6.4 (released February 25, 2024. Your Javalin version is 765 days old. Consider checking for a newer version.).
[main] INFO io.javalin.Javalin - Javalin started in 14ms \o/
[main] INFO io.javalin.Javalin - Stopping Javalin ...
[main] INFO org.eclipse.jetty.server.Server - Stopped Server@169d1f92{STOPPING}[11.0.17,sto=0]
[main] INFO org.eclipse.jetty.server.AbstractConnector - Stopped ServerConnector@b5d7233{HTTP/1.1, (http/1.1)}{0.0.0.0:0}
[main] INFO org.eclipse.jetty.server.handler.ContextHandler - Stopped i.j.j.@45017263{/,null,STOPPED}
[main] INFO io.javalin.Javalin - Javalin has stopped
]]></system-err>
  </testcase>
  <testcase name="deveResponderEndpointRaiz" classname="com.faculdade.integrado.web.WebServerIntegradoTest" time="0.023">
    <system-err><![CDATA[[main] INFO io.javalin.Javalin - Starting Javalin ...
[main] INFO org.eclipse.jetty.server.Server - jetty-11.0.17; built: 2023-10-09T18:39:14.424Z; git: 48e7716b9462bebea6732b885dbebb4300787a5c; jvm 17.0.12+8-LTS-286
[main] INFO org.eclipse.jetty.server.session.DefaultSessionIdManager - Session workerName=node0
[main] INFO org.eclipse.jetty.server.handler.ContextHandler - Started i.j.j.@43b2e7db{/,null,AVAILABLE}
[main] INFO org.eclipse.jetty.server.AbstractConnector - Started ServerConnector@62e586a6{HTTP/1.1, (http/1.1)}{0.0.0.0:55945}
[main] INFO org.eclipse.jetty.server.Server - Started Server@1b06dc57{STARTING}[11.0.17,sto=0] @2995ms
[main] INFO io.javalin.Javalin - 
       __                  ___          ______
      / /___ __   ______ _/ (_)___     / ____/
 __  / / __ `/ | / / __ `/ / / __ \   /___ \
/ /_/ / /_/ /| |/ / /_/ / / / / / /  ____/ /
\____/\__,_/ |___/\__,_/_/_/_/ /_/  /_____/

       https://javalin.io/documentation

[main] INFO io.javalin.Javalin - Static file handler added: StaticFileConfig(hostedPath=/, directory=/public, location=CLASSPATH, precompress=false, aliasCheck=null, headers={Cache-Control=max-age=0}, skipFileFunction=Function1<jakarta.servlet.http.HttpServletRequest, java.lang.Boolean>, mimeTypes=io.javalin.http.staticfiles.MimeTypesConfig@5e72c82a). File system location: 'file:///C:/Users/Dwith/Desktop/Cadu/tp4-integrado/app-integrado/target/classes/public/'
[main] INFO io.javalin.Javalin - Listening on http://localhost:55945/
[main] INFO io.javalin.Javalin - You are running Javalin 5.6.4 (released February 25, 2024. Your Javalin version is 765 days old. Consider checking for a newer version.).
[main] INFO io.javalin.Javalin - Javalin started in 13ms \o/
[main] INFO io.javalin.Javalin - Stopping Javalin ...
[main] INFO org.eclipse.jetty.server.Server - Stopped Server@1b06dc57{STOPPING}[11.0.17,sto=0]
[main] INFO org.eclipse.jetty.server.AbstractConnector - Stopped ServerConnector@62e586a6{HTTP/1.1, (http/1.1)}{0.0.0.0:0}
[main] INFO org.eclipse.jetty.server.handler.ContextHandler - Stopped i.j.j.@43b2e7db{/,null,STOPPED}
[main] INFO io.javalin.Javalin - Javalin has stopped
]]></system-err>
  </testcase>
  <testcase name="deveExecutarFluxoDePedidos" classname="com.faculdade.integrado.web.WebServerIntegradoTest" time="0.03">
    <system-err><![CDATA[[main] INFO io.javalin.Javalin - Starting Javalin ...
[main] INFO org.eclipse.jetty.server.Server - jetty-11.0.17; built: 2023-10-09T18:39:14.424Z; git: 48e7716b9462bebea6732b885dbebb4300787a5c; jvm 17.0.12+8-LTS-286
[main] INFO org.eclipse.jetty.server.session.DefaultSessionIdManager - Session workerName=node0
[main] INFO org.eclipse.jetty.server.handler.ContextHandler - Started i.j.j.@7f53a31f{/,null,AVAILABLE}
[main] INFO org.eclipse.jetty.server.AbstractConnector - Started ServerConnector@73a1a1b4{HTTP/1.1, (http/1.1)}{0.0.0.0:55947}
[main] INFO org.eclipse.jetty.server.Server - Started Server@39a30d1a{STARTING}[11.0.17,sto=0] @3017ms
[main] INFO io.javalin.Javalin - 
       __                  ___          ______
      / /___ __   ______ _/ (_)___     / ____/
 __  / / __ `/ | / / __ `/ / / __ \   /___ \
/ /_/ / /_/ /| |/ / /_/ / / / / / /  ____/ /
\____/\__,_/ |___/\__,_/_/_/_/ /_/  /_____/

       https://javalin.io/documentation

[main] INFO io.javalin.Javalin - Static file handler added: StaticFileConfig(hostedPath=/, directory=/public, location=CLASSPATH, precompress=false, aliasCheck=null, headers={Cache-Control=max-age=0}, skipFileFunction=Function1<jakarta.servlet.http.HttpServletRequest, java.lang.Boolean>, mimeTypes=io.javalin.http.staticfiles.MimeTypesConfig@73fe7483). File system location: 'file:///C:/Users/Dwith/Desktop/Cadu/tp4-integrado/app-integrado/target/classes/public/'
[main] INFO io.javalin.Javalin - Listening on http://localhost:55947/
[main] INFO io.javalin.Javalin - You are running Javalin 5.6.4 (released February 25, 2024. Your Javalin version is 765 days old. Consider checking for a newer version.).
[main] INFO io.javalin.Javalin - Javalin started in 13ms \o/
[main] INFO io.javalin.Javalin - Stopping Javalin ...
[main] INFO org.eclipse.jetty.server.Server - Stopped Server@39a30d1a{STOPPING}[11.0.17,sto=0]
[main] INFO org.eclipse.jetty.server.AbstractConnector - Stopped ServerConnector@73a1a1b4{HTTP/1.1, (http/1.1)}{0.0.0.0:0}
[main] INFO org.eclipse.jetty.server.handler.ContextHandler - Stopped i.j.j.@7f53a31f{/,null,STOPPED}
[main] INFO io.javalin.Javalin - Javalin has stopped
]]></system-err>
  </testcase>
</testsuite>